<?xml version="1.0" encoding="UTF-8"?>
<!-- Generated by org.testng.reporters.JUnitReportReporter -->
<testsuite skipped="0" hostname="DESKTOP-3OCVH7U" name="testSuit.ValidateSearchCityOnMap" tests="1" failures="0" timestamp="12 Aug 2020 14:14:52 GMT" time="20.955" errors="0">
  <testcase name="Test" time="20.955" classname="testSuit.ValidateSearchCityOnMap"/>
</testsuite> <!-- testSuit.ValidateSearchCityOnMap -->
