<?xml version="1.0" encoding="UTF-8"?>
<!-- Generated by org.testng.reporters.JUnitReportReporter -->
<testsuite skipped="0" hostname="DESKTOP-3OCVH7U" name="testSuit.VerifyTempDataOnPopandUI" tests="1" failures="0" timestamp="13 Aug 2020 14:04:44 GMT" time="8.019" errors="0">
  <testcase name="Test" time="8.019" classname="testSuit.VerifyTempDataOnPopandUI"/>
</testsuite> <!-- testSuit.VerifyTempDataOnPopandUI -->
