<?xml version="1.0" encoding="UTF-8"?>
<!-- Generated by org.testng.reporters.JUnitReportReporter -->
<testsuite skipped="0" hostname="DESKTOP-3OCVH7U" name="testSuit.Teting" tests="1" failures="0" timestamp="12 Aug 2020 20:28:38 GMT" time="0.059" errors="0">
  <testcase name="test1" time="0.059" classname="testSuit.Teting"/>
</testsuite> <!-- testSuit.Teting -->
