<?xml version="1.0" encoding="UTF-8"?>
<!-- Generated by org.testng.reporters.JUnitReportReporter -->
<testsuite skipped="0" hostname="DESKTOP-3OCVH7U" name="WeatherApplication.Testclass" tests="1" failures="0" timestamp="11 Aug 2020 19:28:53 GMT" time="22.905" errors="0">
  <testcase name="abc" time="22.905" classname="WeatherApplication.Testclass"/>
</testsuite> <!-- WeatherApplication.Testclass -->
