<?xml version="1.0" encoding="UTF-8"?>
<!-- Generated by org.testng.reporters.JUnitReportReporter -->
<testsuite skipped="0" hostname="DESKTOP-3OCVH7U" name="testSuit.VerifyCityTemperatureWithAPIandUI" tests="1" failures="0" timestamp="13 Aug 2020 14:02:00 GMT" time="9.455" errors="0">
  <testcase name="Test" time="9.455" classname="testSuit.VerifyCityTemperatureWithAPIandUI"/>
</testsuite> <!-- testSuit.VerifyCityTemperatureWithAPIandUI -->
