<?xml version="1.0" encoding="UTF-8"?>
<!-- Generated by org.testng.reporters.JUnitReportReporter -->
<testsuite skipped="0" hostname="DESKTOP-3OCVH7U" name="commonUtil.ApiOps" tests="1" failures="0" timestamp="12 Aug 2020 16:36:22 GMT" time="3.028" errors="0">
  <testcase name="Get" time="3.028" classname="commonUtil.ApiOps"/>
</testsuite> <!-- commonUtil.ApiOps -->
