<?xml version="1.0" encoding="UTF-8"?>
<!-- Generated by org.testng.reporters.JUnitReportReporter -->
<testsuite skipped="0" hostname="DESKTOP-3OCVH7U" name="WeatherApplication.Testting" tests="1" failures="0" timestamp="13 Aug 2020 04:40:16 GMT" time="0.028" errors="0">
  <testcase name="abc" time="0.028" classname="WeatherApplication.Testting"/>
</testsuite> <!-- WeatherApplication.Testting -->
